Start testing: Jun 22 17:25 PDT
----------------------------------------------------------
1/36 Testing: RespParser.Ping
1/36 Test: RespParser.Ping
Command: "/home/raj/Desktop/key_val/build/tests/test_resp" "--gtest_filter=RespParser.Ping" "--gtest_also_run_disabled_tests"
Directory: /home/raj/Desktop/key_val/build/tests
"RespParser.Ping" start time: Jun 22 17:25 PDT
Output:
----------------------------------------------------------
Running main() from /home/raj/Desktop/key_val/build/_deps/googletest-src/googletest/src/gtest_main.cc
Note: Google Test filter = RespParser.Ping
[==========] Running 1 test from 1 test suite.
[----------] Global test environment set-up.
[----------] 1 test from RespParser
[ RUN      ] RespParser.Ping
[       OK ] RespParser.Ping (0 ms)
[----------] 1 test from RespParser (0 ms total)

[----------] Global test environment tear-down
[==========] 1 test from 1 test suite ran. (0 ms total)
[  PASSED  ] 1 test.
<end of output>
Test time =   0.00 sec
----------------------------------------------------------
Test Passed.
"RespParser.Ping" end time: Jun 22 17:25 PDT
"RespParser.Ping" time elapsed: 00:00:00
----------------------------------------------------------

2/36 Testing: RespParser.Set
2/36 Test: RespParser.Set
Command: "/home/raj/Desktop/key_val/build/tests/test_resp" "--gtest_filter=RespParser.Set" "--gtest_also_run_disabled_tests"
Directory: /home/raj/Desktop/key_val/build/tests
"RespParser.Set" start time: Jun 22 17:25 PDT
Output:
----------------------------------------------------------
Running main() from /home/raj/Desktop/key_val/build/_deps/googletest-src/googletest/src/gtest_main.cc
Note: Google Test filter = RespParser.Set
[==========] Running 1 test from 1 test suite.
[----------] Global test environment set-up.
[----------] 1 test from RespParser
[ RUN      ] RespParser.Set
[       OK ] RespParser.Set (0 ms)
[----------] 1 test from RespParser (0 ms total)

[----------] Global test environment tear-down
[==========] 1 test from 1 test suite ran. (0 ms total)
[  PASSED  ] 1 test.
<end of output>
Test time =   0.00 sec
----------------------------------------------------------
Test Passed.
"RespParser.Set" end time: Jun 22 17:25 PDT
"RespParser.Set" time elapsed: 00:00:00
----------------------------------------------------------

3/36 Testing: RespParser.Get
3/36 Test: RespParser.Get
Command: "/home/raj/Desktop/key_val/build/tests/test_resp" "--gtest_filter=RespParser.Get" "--gtest_also_run_disabled_tests"
Directory: /home/raj/Desktop/key_val/build/tests
"RespParser.Get" start time: Jun 22 17:25 PDT
Output:
----------------------------------------------------------
Running main() from /home/raj/Desktop/key_val/build/_deps/googletest-src/googletest/src/gtest_main.cc
Note: Google Test filter = RespParser.Get
[==========] Running 1 test from 1 test suite.
[----------] Global test environment set-up.
[----------] 1 test from RespParser
[ RUN      ] RespParser.Get
[       OK ] RespParser.Get (0 ms)
[----------] 1 test from RespParser (0 ms total)

[----------] Global test environment tear-down
[==========] 1 test from 1 test suite ran. (0 ms total)
[  PASSED  ] 1 test.
<end of output>
Test time =   0.00 sec
----------------------------------------------------------
Test Passed.
"RespParser.Get" end time: Jun 22 17:25 PDT
"RespParser.Get" time elapsed: 00:00:00
----------------------------------------------------------

4/36 Testing: RespParser.Del
4/36 Test: RespParser.Del
Command: "/home/raj/Desktop/key_val/build/tests/test_resp" "--gtest_filter=RespParser.Del" "--gtest_also_run_disabled_tests"
Directory: /home/raj/Desktop/key_val/build/tests
"RespParser.Del" start time: Jun 22 17:25 PDT
Output:
----------------------------------------------------------
Running main() from /home/raj/Desktop/key_val/build/_deps/googletest-src/googletest/src/gtest_main.cc
Note: Google Test filter = RespParser.Del
[==========] Running 1 test from 1 test suite.
[----------] Global test environment set-up.
[----------] 1 test from RespParser
[ RUN      ] RespParser.Del
[       OK ] RespParser.Del (0 ms)
[----------] 1 test from RespParser (0 ms total)

[----------] Global test environment tear-down
[==========] 1 test from 1 test suite ran. (0 ms total)
[  PASSED  ] 1 test.
<end of output>
Test time =   0.00 sec
----------------------------------------------------------
Test Passed.
"RespParser.Del" end time: Jun 22 17:25 PDT
"RespParser.Del" time elapsed: 00:00:00
----------------------------------------------------------

5/36 Testing: RespParser.Exists
5/36 Test: RespParser.Exists
Command: "/home/raj/Desktop/key_val/build/tests/test_resp" "--gtest_filter=RespParser.Exists" "--gtest_also_run_disabled_tests"
Directory: /home/raj/Desktop/key_val/build/tests
"RespParser.Exists" start time: Jun 22 17:25 PDT
Output:
----------------------------------------------------------
Running main() from /home/raj/Desktop/key_val/build/_deps/googletest-src/googletest/src/gtest_main.cc
Note: Google Test filter = RespParser.Exists
[==========] Running 1 test from 1 test suite.
[----------] Global test environment set-up.
[----------] 1 test from RespParser
[ RUN      ] RespParser.Exists
[       OK ] RespParser.Exists (0 ms)
[----------] 1 test from RespParser (0 ms total)

[----------] Global test environment tear-down
[==========] 1 test from 1 test suite ran. (0 ms total)
[  PASSED  ] 1 test.
<end of output>
Test time =   0.00 sec
----------------------------------------------------------
Test Passed.
"RespParser.Exists" end time: Jun 22 17:25 PDT
"RespParser.Exists" time elapsed: 00:00:00
----------------------------------------------------------

6/36 Testing: RespParser.PartialDataReturnsNullopt
6/36 Test: RespParser.PartialDataReturnsNullopt
Command: "/home/raj/Desktop/key_val/build/tests/test_resp" "--gtest_filter=RespParser.PartialDataReturnsNullopt" "--gtest_also_run_disabled_tests"
Directory: /home/raj/Desktop/key_val/build/tests
"RespParser.PartialDataReturnsNullopt" start time: Jun 22 17:25 PDT
Output:
----------------------------------------------------------
Running main() from /home/raj/Desktop/key_val/build/_deps/googletest-src/googletest/src/gtest_main.cc
Note: Google Test filter = RespParser.PartialDataReturnsNullopt
[==========] Running 1 test from 1 test suite.
[----------] Global test environment set-up.
[----------] 1 test from RespParser
[ RUN      ] RespParser.PartialDataReturnsNullopt
[       OK ] RespParser.PartialDataReturnsNullopt (0 ms)
[----------] 1 test from RespParser (0 ms total)

[----------] Global test environment tear-down
[==========] 1 test from 1 test suite ran. (0 ms total)
[  PASSED  ] 1 test.
<end of output>
Test time =   0.00 sec
----------------------------------------------------------
Test Passed.
"RespParser.PartialDataReturnsNullopt" end time: Jun 22 17:25 PDT
"RespParser.PartialDataReturnsNullopt" time elapsed: 00:00:00
----------------------------------------------------------

7/36 Testing: RespParser.EmptyFeed
7/36 Test: RespParser.EmptyFeed
Command: "/home/raj/Desktop/key_val/build/tests/test_resp" "--gtest_filter=RespParser.EmptyFeed" "--gtest_also_run_disabled_tests"
Directory: /home/raj/Desktop/key_val/build/tests
"RespParser.EmptyFeed" start time: Jun 22 17:25 PDT
Output:
----------------------------------------------------------
Running main() from /home/raj/Desktop/key_val/build/_deps/googletest-src/googletest/src/gtest_main.cc
Note: Google Test filter = RespParser.EmptyFeed
[==========] Running 1 test from 1 test suite.
[----------] Global test environment set-up.
[----------] 1 test from RespParser
[ RUN      ] RespParser.EmptyFeed
[       OK ] RespParser.EmptyFeed (0 ms)
[----------] 1 test from RespParser (0 ms total)

[----------] Global test environment tear-down
[==========] 1 test from 1 test suite ran. (0 ms total)
[  PASSED  ] 1 test.
<end of output>
Test time =   0.00 sec
----------------------------------------------------------
Test Passed.
"RespParser.EmptyFeed" end time: Jun 22 17:25 PDT
"RespParser.EmptyFeed" time elapsed: 00:00:00
----------------------------------------------------------

8/36 Testing: RespParser.PipelinedCommands
8/36 Test: RespParser.PipelinedCommands
Command: "/home/raj/Desktop/key_val/build/tests/test_resp" "--gtest_filter=RespParser.PipelinedCommands" "--gtest_also_run_disabled_tests"
Directory: /home/raj/Desktop/key_val/build/tests
"RespParser.PipelinedCommands" start time: Jun 22 17:25 PDT
Output:
----------------------------------------------------------
Running main() from /home/raj/Desktop/key_val/build/_deps/googletest-src/googletest/src/gtest_main.cc
Note: Google Test filter = RespParser.PipelinedCommands
[==========] Running 1 test from 1 test suite.
[----------] Global test environment set-up.
[----------] 1 test from RespParser
[ RUN      ] RespParser.PipelinedCommands
[       OK ] RespParser.PipelinedCommands (0 ms)
[----------] 1 test from RespParser (0 ms total)

[----------] Global test environment tear-down
[==========] 1 test from 1 test suite ran. (0 ms total)
[  PASSED  ] 1 test.
<end of output>
Test time =   0.00 sec
----------------------------------------------------------
Test Passed.
"RespParser.PipelinedCommands" end time: Jun 22 17:25 PDT
"RespParser.PipelinedCommands" time elapsed: 00:00:00
----------------------------------------------------------

9/36 Testing: RespParser.NullBulkString
9/36 Test: RespParser.NullBulkString
Command: "/home/raj/Desktop/key_val/build/tests/test_resp" "--gtest_filter=RespParser.NullBulkString" "--gtest_also_run_disabled_tests"
Directory: /home/raj/Desktop/key_val/build/tests
"RespParser.NullBulkString" start time: Jun 22 17:25 PDT
Output:
----------------------------------------------------------
Running main() from /home/raj/Desktop/key_val/build/_deps/googletest-src/googletest/src/gtest_main.cc
Note: Google Test filter = RespParser.NullBulkString
[==========] Running 1 test from 1 test suite.
[----------] Global test environment set-up.
[----------] 1 test from RespParser
[ RUN      ] RespParser.NullBulkString
[       OK ] RespParser.NullBulkString (0 ms)
[----------] 1 test from RespParser (0 ms total)

[----------] Global test environment tear-down
[==========] 1 test from 1 test suite ran. (0 ms total)
[  PASSED  ] 1 test.
<end of output>
Test time =   0.00 sec
----------------------------------------------------------
Test Passed.
"RespParser.NullBulkString" end time: Jun 22 17:25 PDT
"RespParser.NullBulkString" time elapsed: 00:00:00
----------------------------------------------------------

10/36 Testing: RespSerialize.SimpleString
10/36 Test: RespSerialize.SimpleString
Command: "/home/raj/Desktop/key_val/build/tests/test_resp" "--gtest_filter=RespSerialize.SimpleString" "--gtest_also_run_disabled_tests"
Directory: /home/raj/Desktop/key_val/build/tests
"RespSerialize.SimpleString" start time: Jun 22 17:25 PDT
Output:
----------------------------------------------------------
Running main() from /home/raj/Desktop/key_val/build/_deps/googletest-src/googletest/src/gtest_main.cc
Note: Google Test filter = RespSerialize.SimpleString
[==========] Running 1 test from 1 test suite.
[----------] Global test environment set-up.
[----------] 1 test from RespSerialize
[ RUN      ] RespSerialize.SimpleString
[       OK ] RespSerialize.SimpleString (0 ms)
[----------] 1 test from RespSerialize (0 ms total)

[----------] Global test environment tear-down
[==========] 1 test from 1 test suite ran. (0 ms total)
[  PASSED  ] 1 test.
<end of output>
Test time =   0.00 sec
----------------------------------------------------------
Test Passed.
"RespSerialize.SimpleString" end time: Jun 22 17:25 PDT
"RespSerialize.SimpleString" time elapsed: 00:00:00
----------------------------------------------------------

11/36 Testing: RespSerialize.BulkString
11/36 Test: RespSerialize.BulkString
Command: "/home/raj/Desktop/key_val/build/tests/test_resp" "--gtest_filter=RespSerialize.BulkString" "--gtest_also_run_disabled_tests"
Directory: /home/raj/Desktop/key_val/build/tests
"RespSerialize.BulkString" start time: Jun 22 17:25 PDT
Output:
----------------------------------------------------------
Running main() from /home/raj/Desktop/key_val/build/_deps/googletest-src/googletest/src/gtest_main.cc
Note: Google Test filter = RespSerialize.BulkString
[==========] Running 1 test from 1 test suite.
[----------] Global test environment set-up.
[----------] 1 test from RespSerialize
[ RUN      ] RespSerialize.BulkString
[       OK ] RespSerialize.BulkString (0 ms)
[----------] 1 test from RespSerialize (0 ms total)

[----------] Global test environment tear-down
[==========] 1 test from 1 test suite ran. (0 ms total)
[  PASSED  ] 1 test.
<end of output>
Test time =   0.00 sec
----------------------------------------------------------
Test Passed.
"RespSerialize.BulkString" end time: Jun 22 17:25 PDT
"RespSerialize.BulkString" time elapsed: 00:00:00
----------------------------------------------------------

12/36 Testing: RespSerialize.NullBulk
12/36 Test: RespSerialize.NullBulk
Command: "/home/raj/Desktop/key_val/build/tests/test_resp" "--gtest_filter=RespSerialize.NullBulk" "--gtest_also_run_disabled_tests"
Directory: /home/raj/Desktop/key_val/build/tests
"RespSerialize.NullBulk" start time: Jun 22 17:25 PDT
Output:
----------------------------------------------------------
Running main() from /home/raj/Desktop/key_val/build/_deps/googletest-src/googletest/src/gtest_main.cc
Note: Google Test filter = RespSerialize.NullBulk
[==========] Running 1 test from 1 test suite.
[----------] Global test environment set-up.
[----------] 1 test from RespSerialize
[ RUN      ] RespSerialize.NullBulk
[       OK ] RespSerialize.NullBulk (0 ms)
[----------] 1 test from RespSerialize (0 ms total)

[----------] Global test environment tear-down
[==========] 1 test from 1 test suite ran. (0 ms total)
[  PASSED  ] 1 test.
<end of output>
Test time =   0.00 sec
----------------------------------------------------------
Test Passed.
"RespSerialize.NullBulk" end time: Jun 22 17:25 PDT
"RespSerialize.NullBulk" time elapsed: 00:00:00
----------------------------------------------------------

13/36 Testing: RespSerialize.Integer
13/36 Test: RespSerialize.Integer
Command: "/home/raj/Desktop/key_val/build/tests/test_resp" "--gtest_filter=RespSerialize.Integer" "--gtest_also_run_disabled_tests"
Directory: /home/raj/Desktop/key_val/build/tests
"RespSerialize.Integer" start time: Jun 22 17:25 PDT
Output:
----------------------------------------------------------
Running main() from /home/raj/Desktop/key_val/build/_deps/googletest-src/googletest/src/gtest_main.cc
Note: Google Test filter = RespSerialize.Integer
[==========] Running 1 test from 1 test suite.
[----------] Global test environment set-up.
[----------] 1 test from RespSerialize
[ RUN      ] RespSerialize.Integer
[       OK ] RespSerialize.Integer (0 ms)
[----------] 1 test from RespSerialize (0 ms total)

[----------] Global test environment tear-down
[==========] 1 test from 1 test suite ran. (0 ms total)
[  PASSED  ] 1 test.
<end of output>
Test time =   0.00 sec
----------------------------------------------------------
Test Passed.
"RespSerialize.Integer" end time: Jun 22 17:25 PDT
"RespSerialize.Integer" time elapsed: 00:00:00
----------------------------------------------------------

14/36 Testing: RespSerialize.Error
14/36 Test: RespSerialize.Error
Command: "/home/raj/Desktop/key_val/build/tests/test_resp" "--gtest_filter=RespSerialize.Error" "--gtest_also_run_disabled_tests"
Directory: /home/raj/Desktop/key_val/build/tests
"RespSerialize.Error" start time: Jun 22 17:25 PDT
Output:
----------------------------------------------------------
Running main() from /home/raj/Desktop/key_val/build/_deps/googletest-src/googletest/src/gtest_main.cc
Note: Google Test filter = RespSerialize.Error
[==========] Running 1 test from 1 test suite.
[----------] Global test environment set-up.
[----------] 1 test from RespSerialize
[ RUN      ] RespSerialize.Error
[       OK ] RespSerialize.Error (0 ms)
[----------] 1 test from RespSerialize (0 ms total)

[----------] Global test environment tear-down
[==========] 1 test from 1 test suite ran. (0 ms total)
[  PASSED  ] 1 test.
<end of output>
Test time =   0.00 sec
----------------------------------------------------------
Test Passed.
"RespSerialize.Error" end time: Jun 22 17:25 PDT
"RespSerialize.Error" time elapsed: 00:00:00
----------------------------------------------------------

15/36 Testing: RespSerialize.EmptyBulkString
15/36 Test: RespSerialize.EmptyBulkString
Command: "/home/raj/Desktop/key_val/build/tests/test_resp" "--gtest_filter=RespSerialize.EmptyBulkString" "--gtest_also_run_disabled_tests"
Directory: /home/raj/Desktop/key_val/build/tests
"RespSerialize.EmptyBulkString" start time: Jun 22 17:25 PDT
Output:
----------------------------------------------------------
Running main() from /home/raj/Desktop/key_val/build/_deps/googletest-src/googletest/src/gtest_main.cc
Note: Google Test filter = RespSerialize.EmptyBulkString
[==========] Running 1 test from 1 test suite.
[----------] Global test environment set-up.
[----------] 1 test from RespSerialize
[ RUN      ] RespSerialize.EmptyBulkString
[       OK ] RespSerialize.EmptyBulkString (0 ms)
[----------] 1 test from RespSerialize (0 ms total)

[----------] Global test environment tear-down
[==========] 1 test from 1 test suite ran. (0 ms total)
[  PASSED  ] 1 test.
<end of output>
Test time =   0.00 sec
----------------------------------------------------------
Test Passed.
"RespSerialize.EmptyBulkString" end time: Jun 22 17:25 PDT
"RespSerialize.EmptyBulkString" time elapsed: 00:00:00
----------------------------------------------------------

16/36 Testing: RespSerialize.LargeInteger
16/36 Test: RespSerialize.LargeInteger
Command: "/home/raj/Desktop/key_val/build/tests/test_resp" "--gtest_filter=RespSerialize.LargeInteger" "--gtest_also_run_disabled_tests"
Directory: /home/raj/Desktop/key_val/build/tests
"RespSerialize.LargeInteger" start time: Jun 22 17:25 PDT
Output:
----------------------------------------------------------
Running main() from /home/raj/Desktop/key_val/build/_deps/googletest-src/googletest/src/gtest_main.cc
Note: Google Test filter = RespSerialize.LargeInteger
[==========] Running 1 test from 1 test suite.
[----------] Global test environment set-up.
[----------] 1 test from RespSerialize
[ RUN      ] RespSerialize.LargeInteger
[       OK ] RespSerialize.LargeInteger (0 ms)
[----------] 1 test from RespSerialize (0 ms total)

[----------] Global test environment tear-down
[==========] 1 test from 1 test suite ran. (0 ms total)
[  PASSED  ] 1 test.
<end of output>
Test time =   0.00 sec
----------------------------------------------------------
Test Passed.
"RespSerialize.LargeInteger" end time: Jun 22 17:25 PDT
"RespSerialize.LargeInteger" time elapsed: 00:00:00
----------------------------------------------------------

17/36 Testing: RespReader.ResetClearsBuffer
17/36 Test: RespReader.ResetClearsBuffer
Command: "/home/raj/Desktop/key_val/build/tests/test_resp" "--gtest_filter=RespReader.ResetClearsBuffer" "--gtest_also_run_disabled_tests"
Directory: /home/raj/Desktop/key_val/build/tests
"RespReader.ResetClearsBuffer" start time: Jun 22 17:25 PDT
Output:
----------------------------------------------------------
Running main() from /home/raj/Desktop/key_val/build/_deps/googletest-src/googletest/src/gtest_main.cc
Note: Google Test filter = RespReader.ResetClearsBuffer
[==========] Running 1 test from 1 test suite.
[----------] Global test environment set-up.
[----------] 1 test from RespReader
[ RUN      ] RespReader.ResetClearsBuffer
[       OK ] RespReader.ResetClearsBuffer (0 ms)
[----------] 1 test from RespReader (0 ms total)

[----------] Global test environment tear-down
[==========] 1 test from 1 test suite ran. (0 ms total)
[  PASSED  ] 1 test.
<end of output>
Test time =   0.00 sec
----------------------------------------------------------
Test Passed.
"RespReader.ResetClearsBuffer" end time: Jun 22 17:25 PDT
"RespReader.ResetClearsBuffer" time elapsed: 00:00:00
----------------------------------------------------------

18/36 Testing: RespReader.HasDataAfterFeed
18/36 Test: RespReader.HasDataAfterFeed
Command: "/home/raj/Desktop/key_val/build/tests/test_resp" "--gtest_filter=RespReader.HasDataAfterFeed" "--gtest_also_run_disabled_tests"
Directory: /home/raj/Desktop/key_val/build/tests
"RespReader.HasDataAfterFeed" start time: Jun 22 17:25 PDT
Output:
----------------------------------------------------------
Running main() from /home/raj/Desktop/key_val/build/_deps/googletest-src/googletest/src/gtest_main.cc
Note: Google Test filter = RespReader.HasDataAfterFeed
[==========] Running 1 test from 1 test suite.
[----------] Global test environment set-up.
[----------] 1 test from RespReader
[ RUN      ] RespReader.HasDataAfterFeed
[       OK ] RespReader.HasDataAfterFeed (0 ms)
[----------] 1 test from RespReader (0 ms total)

[----------] Global test environment tear-down
[==========] 1 test from 1 test suite ran. (0 ms total)
[  PASSED  ] 1 test.
<end of output>
Test time =   0.00 sec
----------------------------------------------------------
Test Passed.
"RespReader.HasDataAfterFeed" end time: Jun 22 17:25 PDT
"RespReader.HasDataAfterFeed" time elapsed: 00:00:00
----------------------------------------------------------

19/36 Testing: RespReader.StartsWithArray
19/36 Test: RespReader.StartsWithArray
Command: "/home/raj/Desktop/key_val/build/tests/test_resp" "--gtest_filter=RespReader.StartsWithArray" "--gtest_also_run_disabled_tests"
Directory: /home/raj/Desktop/key_val/build/tests
"RespReader.StartsWithArray" start time: Jun 22 17:25 PDT
Output:
----------------------------------------------------------
Running main() from /home/raj/Desktop/key_val/build/_deps/googletest-src/googletest/src/gtest_main.cc
Note: Google Test filter = RespReader.StartsWithArray
[==========] Running 1 test from 1 test suite.
[----------] Global test environment set-up.
[----------] 1 test from RespReader
[ RUN      ] RespReader.StartsWithArray
[       OK ] RespReader.StartsWithArray (0 ms)
[----------] 1 test from RespReader (0 ms total)

[----------] Global test environment tear-down
[==========] 1 test from 1 test suite ran. (0 ms total)
[  PASSED  ] 1 test.
<end of output>
Test time =   0.00 sec
----------------------------------------------------------
Test Passed.
"RespReader.StartsWithArray" end time: Jun 22 17:25 PDT
"RespReader.StartsWithArray" time elapsed: 00:00:00
----------------------------------------------------------

20/36 Testing: RespReader.BufferSize
20/36 Test: RespReader.BufferSize
Command: "/home/raj/Desktop/key_val/build/tests/test_resp" "--gtest_filter=RespReader.BufferSize" "--gtest_also_run_disabled_tests"
Directory: /home/raj/Desktop/key_val/build/tests
"RespReader.BufferSize" start time: Jun 22 17:25 PDT
Output:
----------------------------------------------------------
Running main() from /home/raj/Desktop/key_val/build/_deps/googletest-src/googletest/src/gtest_main.cc
Note: Google Test filter = RespReader.BufferSize
[==========] Running 1 test from 1 test suite.
[----------] Global test environment set-up.
[----------] 1 test from RespReader
[ RUN      ] RespReader.BufferSize
[       OK ] RespReader.BufferSize (0 ms)
[----------] 1 test from RespReader (0 ms total)

[----------] Global test environment tear-down
[==========] 1 test from 1 test suite ran. (0 ms total)
[  PASSED  ] 1 test.
<end of output>
Test time =   0.00 sec
----------------------------------------------------------
Test Passed.
"RespReader.BufferSize" end time: Jun 22 17:25 PDT
"RespReader.BufferSize" time elapsed: 00:00:00
----------------------------------------------------------

21/36 Testing: RespReader.SkipOne
21/36 Test: RespReader.SkipOne
Command: "/home/raj/Desktop/key_val/build/tests/test_resp" "--gtest_filter=RespReader.SkipOne" "--gtest_also_run_disabled_tests"
Directory: /home/raj/Desktop/key_val/build/tests
"RespReader.SkipOne" start time: Jun 22 17:25 PDT
Output:
----------------------------------------------------------
Running main() from /home/raj/Desktop/key_val/build/_deps/googletest-src/googletest/src/gtest_main.cc
Note: Google Test filter = RespReader.SkipOne
[==========] Running 1 test from 1 test suite.
[----------] Global test environment set-up.
[----------] 1 test from RespReader
[ RUN      ] RespReader.SkipOne
[       OK ] RespReader.SkipOne (0 ms)
[----------] 1 test from RespReader (0 ms total)

[----------] Global test environment tear-down
[==========] 1 test from 1 test suite ran. (0 ms total)
[  PASSED  ] 1 test.
<end of output>
Test time =   0.00 sec
----------------------------------------------------------
Test Passed.
"RespReader.SkipOne" end time: Jun 22 17:25 PDT
"RespReader.SkipOne" time elapsed: 00:00:00
----------------------------------------------------------

22/36 Testing: RespReader.SkipOnePreservesRemaining
22/36 Test: RespReader.SkipOnePreservesRemaining
Command: "/home/raj/Desktop/key_val/build/tests/test_resp" "--gtest_filter=RespReader.SkipOnePreservesRemaining" "--gtest_also_run_disabled_tests"
Directory: /home/raj/Desktop/key_val/build/tests
"RespReader.SkipOnePreservesRemaining" start time: Jun 22 17:25 PDT
Output:
----------------------------------------------------------
Running main() from /home/raj/Desktop/key_val/build/_deps/googletest-src/googletest/src/gtest_main.cc
Note: Google Test filter = RespReader.SkipOnePreservesRemaining
[==========] Running 1 test from 1 test suite.
[----------] Global test environment set-up.
[----------] 1 test from RespReader
[ RUN      ] RespReader.SkipOnePreservesRemaining
[       OK ] RespReader.SkipOnePreservesRemaining (0 ms)
[----------] 1 test from RespReader (0 ms total)

[----------] Global test environment tear-down
[==========] 1 test from 1 test suite ran. (0 ms total)
[  PASSED  ] 1 test.
<end of output>
Test time =   0.00 sec
----------------------------------------------------------
Test Passed.
"RespReader.SkipOnePreservesRemaining" end time: Jun 22 17:25 PDT
"RespReader.SkipOnePreservesRemaining" time elapsed: 00:00:00
----------------------------------------------------------

23/36 Testing: InMemoryEngine.SetAndGet
23/36 Test: InMemoryEngine.SetAndGet
Command: "/home/raj/Desktop/key_val/build/tests/test_storage" "--gtest_filter=InMemoryEngine.SetAndGet" "--gtest_also_run_disabled_tests"
Directory: /home/raj/Desktop/key_val/build/tests
"InMemoryEngine.SetAndGet" start time: Jun 22 17:25 PDT
Output:
----------------------------------------------------------
Running main() from /home/raj/Desktop/key_val/build/_deps/googletest-src/googletest/src/gtest_main.cc
Note: Google Test filter = InMemoryEngine.SetAndGet
[==========] Running 1 test from 1 test suite.
[----------] Global test environment set-up.
[----------] 1 test from InMemoryEngine
[ RUN      ] InMemoryEngine.SetAndGet
[       OK ] InMemoryEngine.SetAndGet (0 ms)
[----------] 1 test from InMemoryEngine (0 ms total)

[----------] Global test environment tear-down
[==========] 1 test from 1 test suite ran. (0 ms total)
[  PASSED  ] 1 test.
<end of output>
Test time =   0.00 sec
----------------------------------------------------------
Test Passed.
"InMemoryEngine.SetAndGet" end time: Jun 22 17:25 PDT
"InMemoryEngine.SetAndGet" time elapsed: 00:00:00
----------------------------------------------------------

24/36 Testing: InMemoryEngine.GetNonexistent
24/36 Test: InMemoryEngine.GetNonexistent
Command: "/home/raj/Desktop/key_val/build/tests/test_storage" "--gtest_filter=InMemoryEngine.GetNonexistent" "--gtest_also_run_disabled_tests"
Directory: /home/raj/Desktop/key_val/build/tests
"InMemoryEngine.GetNonexistent" start time: Jun 22 17:25 PDT
Output:
----------------------------------------------------------
Running main() from /home/raj/Desktop/key_val/build/_deps/googletest-src/googletest/src/gtest_main.cc
Note: Google Test filter = InMemoryEngine.GetNonexistent
[==========] Running 1 test from 1 test suite.
[----------] Global test environment set-up.
[----------] 1 test from InMemoryEngine
[ RUN      ] InMemoryEngine.GetNonexistent
[       OK ] InMemoryEngine.GetNonexistent (0 ms)
[----------] 1 test from InMemoryEngine (0 ms total)

[----------] Global test environment tear-down
[==========] 1 test from 1 test suite ran. (0 ms total)
[  PASSED  ] 1 test.
<end of output>
Test time =   0.00 sec
----------------------------------------------------------
Test Passed.
"InMemoryEngine.GetNonexistent" end time: Jun 22 17:25 PDT
"InMemoryEngine.GetNonexistent" time elapsed: 00:00:00
----------------------------------------------------------

25/36 Testing: InMemoryEngine.Overwrite
25/36 Test: InMemoryEngine.Overwrite
Command: "/home/raj/Desktop/key_val/build/tests/test_storage" "--gtest_filter=InMemoryEngine.Overwrite" "--gtest_also_run_disabled_tests"
Directory: /home/raj/Desktop/key_val/build/tests
"InMemoryEngine.Overwrite" start time: Jun 22 17:25 PDT
Output:
----------------------------------------------------------
Running main() from /home/raj/Desktop/key_val/build/_deps/googletest-src/googletest/src/gtest_main.cc
Note: Google Test filter = InMemoryEngine.Overwrite
[==========] Running 1 test from 1 test suite.
[----------] Global test environment set-up.
[----------] 1 test from InMemoryEngine
[ RUN      ] InMemoryEngine.Overwrite
[       OK ] InMemoryEngine.Overwrite (0 ms)
[----------] 1 test from InMemoryEngine (0 ms total)

[----------] Global test environment tear-down
[==========] 1 test from 1 test suite ran. (0 ms total)
[  PASSED  ] 1 test.
<end of output>
Test time =   0.00 sec
----------------------------------------------------------
Test Passed.
"InMemoryEngine.Overwrite" end time: Jun 22 17:25 PDT
"InMemoryEngine.Overwrite" time elapsed: 00:00:00
----------------------------------------------------------

26/36 Testing: InMemoryEngine.Del
26/36 Test: InMemoryEngine.Del
Command: "/home/raj/Desktop/key_val/build/tests/test_storage" "--gtest_filter=InMemoryEngine.Del" "--gtest_also_run_disabled_tests"
Directory: /home/raj/Desktop/key_val/build/tests
"InMemoryEngine.Del" start time: Jun 22 17:25 PDT
Output:
----------------------------------------------------------
Running main() from /home/raj/Desktop/key_val/build/_deps/googletest-src/googletest/src/gtest_main.cc
Note: Google Test filter = InMemoryEngine.Del
[==========] Running 1 test from 1 test suite.
[----------] Global test environment set-up.
[----------] 1 test from InMemoryEngine
[ RUN      ] InMemoryEngine.Del
[       OK ] InMemoryEngine.Del (0 ms)
[----------] 1 test from InMemoryEngine (0 ms total)

[----------] Global test environment tear-down
[==========] 1 test from 1 test suite ran. (0 ms total)
[  PASSED  ] 1 test.
<end of output>
Test time =   0.00 sec
----------------------------------------------------------
Test Passed.
"InMemoryEngine.Del" end time: Jun 22 17:25 PDT
"InMemoryEngine.Del" time elapsed: 00:00:00
----------------------------------------------------------

27/36 Testing: InMemoryEngine.DelNonexistent
27/36 Test: InMemoryEngine.DelNonexistent
Command: "/home/raj/Desktop/key_val/build/tests/test_storage" "--gtest_filter=InMemoryEngine.DelNonexistent" "--gtest_also_run_disabled_tests"
Directory: /home/raj/Desktop/key_val/build/tests
"InMemoryEngine.DelNonexistent" start time: Jun 22 17:25 PDT
Output:
----------------------------------------------------------
Running main() from /home/raj/Desktop/key_val/build/_deps/googletest-src/googletest/src/gtest_main.cc
Note: Google Test filter = InMemoryEngine.DelNonexistent
[==========] Running 1 test from 1 test suite.
[----------] Global test environment set-up.
[----------] 1 test from InMemoryEngine
[ RUN      ] InMemoryEngine.DelNonexistent
[       OK ] InMemoryEngine.DelNonexistent (0 ms)
[----------] 1 test from InMemoryEngine (0 ms total)

[----------] Global test environment tear-down
[==========] 1 test from 1 test suite ran. (0 ms total)
[  PASSED  ] 1 test.
<end of output>
Test time =   0.00 sec
----------------------------------------------------------
Test Passed.
"InMemoryEngine.DelNonexistent" end time: Jun 22 17:25 PDT
"InMemoryEngine.DelNonexistent" time elapsed: 00:00:00
----------------------------------------------------------

28/36 Testing: InMemoryEngine.Exists
28/36 Test: InMemoryEngine.Exists
Command: "/home/raj/Desktop/key_val/build/tests/test_storage" "--gtest_filter=InMemoryEngine.Exists" "--gtest_also_run_disabled_tests"
Directory: /home/raj/Desktop/key_val/build/tests
"InMemoryEngine.Exists" start time: Jun 22 17:25 PDT
Output:
----------------------------------------------------------
Running main() from /home/raj/Desktop/key_val/build/_deps/googletest-src/googletest/src/gtest_main.cc
Note: Google Test filter = InMemoryEngine.Exists
[==========] Running 1 test from 1 test suite.
[----------] Global test environment set-up.
[----------] 1 test from InMemoryEngine
[ RUN      ] InMemoryEngine.Exists
[       OK ] InMemoryEngine.Exists (0 ms)
[----------] 1 test from InMemoryEngine (0 ms total)

[----------] Global test environment tear-down
[==========] 1 test from 1 test suite ran. (0 ms total)
[  PASSED  ] 1 test.
<end of output>
Test time =   0.00 sec
----------------------------------------------------------
Test Passed.
"InMemoryEngine.Exists" end time: Jun 22 17:25 PDT
"InMemoryEngine.Exists" time elapsed: 00:00:00
----------------------------------------------------------

29/36 Testing: InMemoryEngine.EmptyKey
29/36 Test: InMemoryEngine.EmptyKey
Command: "/home/raj/Desktop/key_val/build/tests/test_storage" "--gtest_filter=InMemoryEngine.EmptyKey" "--gtest_also_run_disabled_tests"
Directory: /home/raj/Desktop/key_val/build/tests
"InMemoryEngine.EmptyKey" start time: Jun 22 17:25 PDT
Output:
----------------------------------------------------------
Running main() from /home/raj/Desktop/key_val/build/_deps/googletest-src/googletest/src/gtest_main.cc
Note: Google Test filter = InMemoryEngine.EmptyKey
[==========] Running 1 test from 1 test suite.
[----------] Global test environment set-up.
[----------] 1 test from InMemoryEngine
[ RUN      ] InMemoryEngine.EmptyKey
[       OK ] InMemoryEngine.EmptyKey (0 ms)
[----------] 1 test from InMemoryEngine (0 ms total)

[----------] Global test environment tear-down
[==========] 1 test from 1 test suite ran. (0 ms total)
[  PASSED  ] 1 test.
<end of output>
Test time =   0.00 sec
----------------------------------------------------------
Test Passed.
"InMemoryEngine.EmptyKey" end time: Jun 22 17:25 PDT
"InMemoryEngine.EmptyKey" time elapsed: 00:00:00
----------------------------------------------------------

30/36 Testing: InMemoryEngine.EmptyValue
30/36 Test: InMemoryEngine.EmptyValue
Command: "/home/raj/Desktop/key_val/build/tests/test_storage" "--gtest_filter=InMemoryEngine.EmptyValue" "--gtest_also_run_disabled_tests"
Directory: /home/raj/Desktop/key_val/build/tests
"InMemoryEngine.EmptyValue" start time: Jun 22 17:25 PDT
Output:
----------------------------------------------------------
Running main() from /home/raj/Desktop/key_val/build/_deps/googletest-src/googletest/src/gtest_main.cc
Note: Google Test filter = InMemoryEngine.EmptyValue
[==========] Running 1 test from 1 test suite.
[----------] Global test environment set-up.
[----------] 1 test from InMemoryEngine
[ RUN      ] InMemoryEngine.EmptyValue
[       OK ] InMemoryEngine.EmptyValue (0 ms)
[----------] 1 test from InMemoryEngine (0 ms total)

[----------] Global test environment tear-down
[==========] 1 test from 1 test suite ran. (0 ms total)
[  PASSED  ] 1 test.
<end of output>
Test time =   0.00 sec
----------------------------------------------------------
Test Passed.
"InMemoryEngine.EmptyValue" end time: Jun 22 17:25 PDT
"InMemoryEngine.EmptyValue" time elapsed: 00:00:00
----------------------------------------------------------

31/36 Testing: WalTest.RecoverAfterCrash
31/36 Test: WalTest.RecoverAfterCrash
Command: "/home/raj/Desktop/key_val/build/tests/test_storage" "--gtest_filter=WalTest.RecoverAfterCrash" "--gtest_also_run_disabled_tests"
Directory: /home/raj/Desktop/key_val/build/tests
"WalTest.RecoverAfterCrash" start time: Jun 22 17:25 PDT
Output:
----------------------------------------------------------
Running main() from /home/raj/Desktop/key_val/build/_deps/googletest-src/googletest/src/gtest_main.cc
Note: Google Test filter = WalTest.RecoverAfterCrash
[==========] Running 1 test from 1 test suite.
[----------] Global test environment set-up.
[----------] 1 test from WalTest
[ RUN      ] WalTest.RecoverAfterCrash
[       OK ] WalTest.RecoverAfterCrash (0 ms)
[----------] 1 test from WalTest (0 ms total)

[----------] Global test environment tear-down
[==========] 1 test from 1 test suite ran. (0 ms total)
[  PASSED  ] 1 test.
<end of output>
Test time =   0.00 sec
----------------------------------------------------------
Test Passed.
"WalTest.RecoverAfterCrash" end time: Jun 22 17:25 PDT
"WalTest.RecoverAfterCrash" time elapsed: 00:00:00
----------------------------------------------------------

32/36 Testing: WalTest.NoDataOnFirstRun
32/36 Test: WalTest.NoDataOnFirstRun
Command: "/home/raj/Desktop/key_val/build/tests/test_storage" "--gtest_filter=WalTest.NoDataOnFirstRun" "--gtest_also_run_disabled_tests"
Directory: /home/raj/Desktop/key_val/build/tests
"WalTest.NoDataOnFirstRun" start time: Jun 22 17:25 PDT
Output:
----------------------------------------------------------
Running main() from /home/raj/Desktop/key_val/build/_deps/googletest-src/googletest/src/gtest_main.cc
Note: Google Test filter = WalTest.NoDataOnFirstRun
[==========] Running 1 test from 1 test suite.
[----------] Global test environment set-up.
[----------] 1 test from WalTest
[ RUN      ] WalTest.NoDataOnFirstRun
[       OK ] WalTest.NoDataOnFirstRun (0 ms)
[----------] 1 test from WalTest (0 ms total)

[----------] Global test environment tear-down
[==========] 1 test from 1 test suite ran. (0 ms total)
[  PASSED  ] 1 test.
<end of output>
Test time =   0.00 sec
----------------------------------------------------------
Test Passed.
"WalTest.NoDataOnFirstRun" end time: Jun 22 17:25 PDT
"WalTest.NoDataOnFirstRun" time elapsed: 00:00:00
----------------------------------------------------------

33/36 Testing: WalTest.DeleteLogged
33/36 Test: WalTest.DeleteLogged
Command: "/home/raj/Desktop/key_val/build/tests/test_storage" "--gtest_filter=WalTest.DeleteLogged" "--gtest_also_run_disabled_tests"
Directory: /home/raj/Desktop/key_val/build/tests
"WalTest.DeleteLogged" start time: Jun 22 17:25 PDT
Output:
----------------------------------------------------------
Running main() from /home/raj/Desktop/key_val/build/_deps/googletest-src/googletest/src/gtest_main.cc
Note: Google Test filter = WalTest.DeleteLogged
[==========] Running 1 test from 1 test suite.
[----------] Global test environment set-up.
[----------] 1 test from WalTest
[ RUN      ] WalTest.DeleteLogged
[       OK ] WalTest.DeleteLogged (0 ms)
[----------] 1 test from WalTest (0 ms total)

[----------] Global test environment tear-down
[==========] 1 test from 1 test suite ran. (0 ms total)
[  PASSED  ] 1 test.
<end of output>
Test time =   0.00 sec
----------------------------------------------------------
Test Passed.
"WalTest.DeleteLogged" end time: Jun 22 17:25 PDT
"WalTest.DeleteLogged" time elapsed: 00:00:00
----------------------------------------------------------

34/36 Testing: WalTest.OverwriteInWAL
34/36 Test: WalTest.OverwriteInWAL
Command: "/home/raj/Desktop/key_val/build/tests/test_storage" "--gtest_filter=WalTest.OverwriteInWAL" "--gtest_also_run_disabled_tests"
Directory: /home/raj/Desktop/key_val/build/tests
"WalTest.OverwriteInWAL" start time: Jun 22 17:25 PDT
Output:
----------------------------------------------------------
Running main() from /home/raj/Desktop/key_val/build/_deps/googletest-src/googletest/src/gtest_main.cc
Note: Google Test filter = WalTest.OverwriteInWAL
[==========] Running 1 test from 1 test suite.
[----------] Global test environment set-up.
[----------] 1 test from WalTest
[ RUN      ] WalTest.OverwriteInWAL
[       OK ] WalTest.OverwriteInWAL (0 ms)
[----------] 1 test from WalTest (0 ms total)

[----------] Global test environment tear-down
[==========] 1 test from 1 test suite ran. (0 ms total)
[  PASSED  ] 1 test.
<end of output>
Test time =   0.00 sec
----------------------------------------------------------
Test Passed.
"WalTest.OverwriteInWAL" end time: Jun 22 17:25 PDT
"WalTest.OverwriteInWAL" time elapsed: 00:00:00
----------------------------------------------------------

35/36 Testing: WalTest.PartialLastEntryIgnored
35/36 Test: WalTest.PartialLastEntryIgnored
Command: "/home/raj/Desktop/key_val/build/tests/test_storage" "--gtest_filter=WalTest.PartialLastEntryIgnored" "--gtest_also_run_disabled_tests"
Directory: /home/raj/Desktop/key_val/build/tests
"WalTest.PartialLastEntryIgnored" start time: Jun 22 17:25 PDT
Output:
----------------------------------------------------------
Running main() from /home/raj/Desktop/key_val/build/_deps/googletest-src/googletest/src/gtest_main.cc
Note: Google Test filter = WalTest.PartialLastEntryIgnored
[==========] Running 1 test from 1 test suite.
[----------] Global test environment set-up.
[----------] 1 test from WalTest
[ RUN      ] WalTest.PartialLastEntryIgnored
[       OK ] WalTest.PartialLastEntryIgnored (0 ms)
[----------] 1 test from WalTest (0 ms total)

[----------] Global test environment tear-down
[==========] 1 test from 1 test suite ran. (0 ms total)
[  PASSED  ] 1 test.
<end of output>
Test time =   0.00 sec
----------------------------------------------------------
Test Passed.
"WalTest.PartialLastEntryIgnored" end time: Jun 22 17:25 PDT
"WalTest.PartialLastEntryIgnored" time elapsed: 00:00:00
----------------------------------------------------------

36/36 Testing: WalTest.CorruptMiddleEntrySkipped
36/36 Test: WalTest.CorruptMiddleEntrySkipped
Command: "/home/raj/Desktop/key_val/build/tests/test_storage" "--gtest_filter=WalTest.CorruptMiddleEntrySkipped" "--gtest_also_run_disabled_tests"
Directory: /home/raj/Desktop/key_val/build/tests
"WalTest.CorruptMiddleEntrySkipped" start time: Jun 22 17:25 PDT
Output:
----------------------------------------------------------
Running main() from /home/raj/Desktop/key_val/build/_deps/googletest-src/googletest/src/gtest_main.cc
Note: Google Test filter = WalTest.CorruptMiddleEntrySkipped
[==========] Running 1 test from 1 test suite.
[----------] Global test environment set-up.
[----------] 1 test from WalTest
[ RUN      ] WalTest.CorruptMiddleEntrySkipped
[       OK ] WalTest.CorruptMiddleEntrySkipped (0 ms)
[----------] 1 test from WalTest (0 ms total)

[----------] Global test environment tear-down
[==========] 1 test from 1 test suite ran. (0 ms total)
[  PASSED  ] 1 test.
<end of output>
Test time =   0.00 sec
----------------------------------------------------------
Test Passed.
"WalTest.CorruptMiddleEntrySkipped" end time: Jun 22 17:25 PDT
"WalTest.CorruptMiddleEntrySkipped" time elapsed: 00:00:00
----------------------------------------------------------

End testing: Jun 22 17:25 PDT
